<?xml version="1.0" encoding="UTF-8"?>
<!-- Generated by org.testng.reporters.JUnitReportReporter -->
<testsuite hostname="LAPTOP-JKE240N7" failures="0" tests="1" name="neostoxTestclass.ValidateUser" time="6.873" errors="0" timestamp="2022-12-03T11:15:21 IST" skipped="0">
  <testcase classname="neostoxTestclass.ValidateUser" name="Validation" time="6.873"/>
  <system-out>
    <![CDATA[Getting Actual username
Wait for500ms
Taking Screenshot
Getting Actual username
readingusernamefrom Properties file
Getting Actual userBalance
Wait for500ms
Taking Screenshot
Getting Actual userBalance
readingacbalancefrom Properties file]]>
  </system-out>
</testsuite> <!-- neostoxTestclass.ValidateUser -->
