<?xml version="1.0" encoding="UTF-8"?>
<!-- Generated by org.testng.reporters.JUnitReportReporter -->
<testsuite hostname="LAPTOP-JKE240N7" failures="0" tests="3" name="testNGStudy.InvocationCount" time="0.013" errors="0" timestamp="2022-11-20T07:29:05 IST" skipped="0">
  <testcase classname="testNGStudy.InvocationCount" name="myTest" time="0.001"/>
  <system-out>
    <![CDATA[MyTest is Running]]>
  </system-out>
  <testcase classname="testNGStudy.InvocationCount" name="myTest" time="0.011"/>
  <system-out>
    <![CDATA[MyTest is Running]]>
  </system-out>
  <testcase classname="testNGStudy.InvocationCount" name="myTest" time="0.001"/>
  <system-out>
    <![CDATA[MyTest is Running]]>
  </system-out>
</testsuite> <!-- testNGStudy.InvocationCount -->
