<?xml version="1.0" encoding="UTF-8"?>
<!-- Generated by org.testng.reporters.JUnitReportReporter -->
<testsuite hostname="LAPTOP-JKE240N7" failures="0" tests="5" name="testNGKeyword.Timeout" time="0.137" errors="0" timestamp="2022-11-20T07:41:02 IST" skipped="0">
  <testcase classname="testNGKeyword.Timeout" name="A" time="0.010"/>
  <system-out>
    <![CDATA[A is Running]]>
  </system-out>
  <testcase classname="testNGKeyword.Timeout" name="B" time="0.123"/>
  <system-out>
    <![CDATA[B is running]]>
  </system-out>
  <testcase classname="testNGKeyword.Timeout" name="E" time="0.001"/>
  <system-out>
    <![CDATA[E is running]]>
  </system-out>
  <testcase classname="testNGKeyword.Timeout" name="C" time="0.002"/>
  <system-out>
    <![CDATA[C is running]]>
  </system-out>
  <testcase classname="testNGKeyword.Timeout" name="D" time="0.001"/>
  <system-out>
    <![CDATA[D is running]]>
  </system-out>
</testsuite> <!-- testNGKeyword.Timeout -->
