<?xml version="1.0" encoding="UTF-8"?>
<!-- Generated by org.testng.reporters.JUnitReportReporter -->
<testsuite hostname="LAPTOP-JKE240N7" failures="0" tests="8" name="testNGKeyword.DependsOnMthds" time="0.136" errors="0" timestamp="2022-11-20T07:53:45 IST" skipped="0">
  <testcase classname="testNGKeyword.DependsOnMthds" name="D" time="0.001"/>
  <system-out>
    <![CDATA[D is running]]>
  </system-out>
  <testcase classname="testNGKeyword.DependsOnMthds" name="B" time="0.129"/>
  <system-out>
    <![CDATA[B is running]]>
  </system-out>
  <testcase classname="testNGKeyword.DependsOnMthds" name="C" time="0.002"/>
  <system-out>
    <![CDATA[C is running]]>
  </system-out>
  <testcase classname="testNGKeyword.DependsOnMthds" name="E" time="0.001"/>
  <system-out>
    <![CDATA[E is running]]>
  </system-out>
  <testcase classname="testNGKeyword.DependsOnMthds" name="C" time="0.001"/>
  <system-out>
    <![CDATA[C is running]]>
  </system-out>
  <testcase classname="testNGKeyword.DependsOnMthds" name="A" time="0.000"/>
  <system-out>
    <![CDATA[A is Running]]>
  </system-out>
  <testcase classname="testNGKeyword.DependsOnMthds" name="C" time="0.001"/>
  <system-out>
    <![CDATA[C is running]]>
  </system-out>
  <testcase classname="testNGKeyword.DependsOnMthds" name="C" time="0.001"/>
  <system-out>
    <![CDATA[C is running]]>
  </system-out>
</testsuite> <!-- testNGKeyword.DependsOnMthds -->
