<?xml version="1.0" encoding="UTF-8"?>
<!-- Generated by org.testng.reporters.JUnitReportReporter -->
<testsuite hostname="LAPTOP-JKE240N7" failures="0" tests="5" name="testNGStudy.Priority" time="0.016" errors="0" timestamp="2022-11-20T07:33:10 IST" skipped="0">
  <testcase classname="testNGStudy.Priority" name="E" time="0.011"/>
  <system-out>
    <![CDATA[E is running]]>
  </system-out>
  <testcase classname="testNGStudy.Priority" name="D" time="0.003"/>
  <system-out>
    <![CDATA[D is running]]>
  </system-out>
  <testcase classname="testNGStudy.Priority" name="C" time="0.001"/>
  <system-out>
    <![CDATA[C is running]]>
  </system-out>
  <testcase classname="testNGStudy.Priority" name="A" time="0.001"/>
  <system-out>
    <![CDATA[A is Running]]>
  </system-out>
  <testcase classname="testNGStudy.Priority" name="B" time="0.000"/>
  <system-out>
    <![CDATA[B is running]]>
  </system-out>
</testsuite> <!-- testNGStudy.Priority -->
