<?xml version="1.0" encoding="UTF-8"?>
<!-- Generated by org.testng.reporters.JUnitReportReporter -->
<testsuite hostname="LAPTOP-JKE240N7" failures="0" tests="5" name="testNGKeyword.Enabled" time="0.012" errors="0" timestamp="2022-11-20T07:37:09 IST" skipped="1">
  <testcase classname="testNGKeyword.Enabled" name="A" time="0.009"/>
  <system-out>
    <![CDATA[A is Running]]>
  </system-out>
  <testcase classname="testNGKeyword.Enabled" name="E" time="0.000"/>
  <system-out>
    <![CDATA[E is running]]>
  </system-out>
  <testcase classname="testNGKeyword.Enabled" name="C" time="0.002"/>
  <system-out>
    <![CDATA[C is running]]>
  </system-out>
  <testcase classname="testNGKeyword.Enabled" name="D" time="0.001"/>
  <system-out>
    <![CDATA[D is running]]>
  </system-out>
  <testcase classname="testNGKeyword.Enabled" name="B">
    <skipped/>
  </testcase> <!-- B -->
  <system-out/>
</testsuite> <!-- testNGKeyword.Enabled -->
