<?xml version="1.0" encoding="UTF-8"?>
<!-- Generated by org.testng.reporters.JUnitReportReporter -->
<testsuite hostname="LAPTOP-JKE240N7" failures="0" tests="1" name="testNG.ValidateUserID" time="0.006" errors="0" timestamp="2022-11-16T12:56:45 IST" skipped="0">
  <testcase classname="testNG.ValidateUserID" name="validateupstox" time="0.006"/>
  <system-out>
    <![CDATA[User is validated]]>
  </system-out>
</testsuite> <!-- testNG.ValidateUserID -->
