<?xml version="1.0" encoding="UTF-8"?>
<!-- Generated by org.testng.reporters.JUnitReportReporter -->
<testsuite hostname="LAPTOP-JKE240N7" failures="0" tests="2" name="testNG.NewTest" time="6.857" errors="0" timestamp="2022-11-07T12:48:33 IST" skipped="0">
  <testcase classname="testNG.NewTest" name="upstox" time="2.502"/>
  <system-out/>
  <testcase classname="testNG.NewTest" name="f" time="4.355"/>
  <system-out/>
</testsuite> <!-- testNG.NewTest -->
