<?xml version="1.0" encoding="UTF-8"?>
<!-- Generated by org.testng.reporters.JUnitReportReporter -->
<testsuite hostname="LAPTOP-JKE240N7" failures="0" tests="2" name="testNGXml.Testing1" time="0.011" errors="0" timestamp="2022-11-20T18:32:57 IST" skipped="0">
  <testcase classname="testNGXml.Testing1" name="A" time="0.009"/>
  <system-out>
    <![CDATA[A is Running]]>
  </system-out>
  <testcase classname="testNGXml.Testing1" name="C" time="0.002"/>
  <system-out>
    <![CDATA[C is running]]>
  </system-out>
</testsuite> <!-- testNGXml.Testing1 -->
