<?xml version="1.0" encoding="UTF-8"?>
<!-- Generated by org.testng.reporters.JUnitReportReporter -->
<testsuite hostname="LAPTOP-JKE240N7" failures="0" tests="2" name="testNGAnnotations.annotationuse" time="0.011" errors="0" timestamp="2022-11-19T19:02:20 IST" skipped="0">
  <testcase classname="testNGAnnotations.annotationuse" name="myTest1" time="0.004"/>
  <system-out>
    <![CDATA[MyTest1 is Running]]>
  </system-out>
  <testcase classname="testNGAnnotations.annotationuse" name="myTest" time="0.007"/>
  <system-out>
    <![CDATA[MyTest is Running]]>
  </system-out>
</testsuite> <!-- testNGAnnotations.annotationuse -->
