<?xml version="1.0" encoding="UTF-8"?>
<!-- Generated by org.testng.reporters.JUnitReportReporter -->
<testsuite hostname="LAPTOP-JKE240N7" failures="0" tests="1" name="testNG.report" time="0.000" errors="0" timestamp="2022-11-09T13:53:52 IST" skipped="0">
  <testcase classname="testNG.report" name="Display" time="0.000"/>
  <system-out>
    <![CDATA[Gud AfterNoon]]>
  </system-out>
</testsuite> <!-- testNG.report -->
