<?xml version="1.0" encoding="UTF-8"?>
<!-- Generated by org.testng.reporters.JUnitReportReporter -->
<testsuite hostname="LAPTOP-JKE240N7" failures="0" tests="3" name="testNGXml.Testing2" time="0.003" errors="0" timestamp="2022-11-20T18:32:57 IST" skipped="0">
  <testcase classname="testNGXml.Testing2" name="G" time="0.001"/>
  <system-out>
    <![CDATA[G is running]]>
  </system-out>
  <testcase classname="testNGXml.Testing2" name="E" time="0.001"/>
  <system-out>
    <![CDATA[E is running]]>
  </system-out>
  <testcase classname="testNGXml.Testing2" name="H" time="0.001"/>
  <system-out>
    <![CDATA[H is running]]>
  </system-out>
</testsuite> <!-- testNGXml.Testing2 -->
