<?xml version="1.0" encoding="UTF-8"?>
<!-- Generated by org.testng.reporters.JUnitReportReporter -->
<testsuite hostname="LAPTOP-JKE240N7" failures="0" tests="2" name="testNGStudy.NewTest" time="5.758" errors="0" timestamp="2022-11-21T14:20:03 IST" skipped="0">
  <testcase classname="testNGStudy.NewTest" name="f" time="3.788"/>
  <system-out/>
  <testcase classname="testNGStudy.NewTest" name="upstox" time="1.970"/>
  <system-out/>
</testsuite> <!-- testNGStudy.NewTest -->
