<?xml version="1.0" encoding="UTF-8"?>
<!-- Generated by org.testng.reporters.JUnitReportReporter -->
<testsuite hostname="LAPTOP-JKE240N7" failures="0" tests="1" name="neostoxPOM.Testneostox" time="13.125" errors="0" timestamp="2022-11-28T15:06:02 IST" skipped="0">
  <testcase classname="neostoxPOM.Testneostox" name="validateuser" time="13.125"/>
  <system-out>
    <![CDATA[Validate User ID and taking screenshot
Validate User Bal and taking screenshot]]>
  </system-out>
</testsuite> <!-- neostoxPOM.Testneostox -->
