<?xml version="1.0" encoding="UTF-8"?>
<!-- Generated by org.testng.reporters.JUnitReportReporter -->
<testsuite hostname="LAPTOP-JKE240N7" failures="0" tests="1" name="neostoxPOMXcel.NeostoxTestclass" time="14.260" errors="0" timestamp="2022-11-28T10:53:47 IST" skipped="0">
  <testcase classname="neostoxPOMXcel.NeostoxTestclass" name="validateusername" time="14.260"/>
  <system-out>
    <![CDATA[Validate User ID and taking screenshot
Validate User Bal and taking screenshot]]>
  </system-out>
</testsuite> <!-- neostoxPOMXcel.NeostoxTestclass -->
