<?xml version="1.0" encoding="UTF-8"?>
<!-- Generated by org.testng.reporters.JUnitReportReporter -->
<testsuite hostname="LAPTOP-JKE240N7" failures="0" tests="1" name="testNGAssert.AssertNotEquals" time="0.011" errors="0" timestamp="2022-11-21T21:29:19 IST" skipped="0">
  <testcase classname="testNGAssert.AssertNotEquals" name="testng" time="0.011"/>
  <system-out/>
</testsuite> <!-- testNGAssert.AssertNotEquals -->
