<?xml version="1.0" encoding="UTF-8"?>
<!-- Generated by org.testng.reporters.JUnitReportReporter -->
<testsuite hostname="LAPTOP-JKE240N7" failures="0" tests="2" name="testNGSuite.SerialExtn" time="5.728" errors="0" timestamp="2022-11-21T14:39:33 IST" skipped="0">
  <testcase classname="testNGSuite.SerialExtn" name="kite" time="3.733"/>
  <system-out/>
  <testcase classname="testNGSuite.SerialExtn" name="upstox" time="1.995"/>
  <system-out/>
</testsuite> <!-- testNGSuite.SerialExtn -->
