<?xml version="1.0" encoding="UTF-8"?>
<!-- Generated by org.testng.reporters.JUnitReportReporter -->
<testsuite hostname="LAPTOP-JKE240N7" failures="0" tests="1" name="testNGHardAssert.DisadvHardAssert" time="0.009" errors="0" timestamp="2022-11-21T22:16:57 IST" skipped="0">
  <testcase classname="testNGHardAssert.DisadvHardAssert" name="f1" time="0.009"/>
  <system-out/>
</testsuite> <!-- testNGHardAssert.DisadvHardAssert -->
