<?xml version="1.0" encoding="UTF-8"?>
<!-- Generated by org.testng.reporters.JUnitReportReporter -->
<testsuite hostname="LAPTOP-JKE240N7" failures="0" tests="1" name="neostoxPOMXcel.Testneostox" time="19.548" errors="0" timestamp="2022-11-27T10:11:21 IST" skipped="0">
  <testcase classname="neostoxPOMXcel.Testneostox" name="t1" time="19.548"/>
  <system-out/>
</testsuite> <!-- neostoxPOMXcel.Testneostox -->
