<?xml version="1.0" encoding="UTF-8"?>
<!-- Generated by org.testng.reporters.JUnitReportReporter -->
<testsuite hostname="LAPTOP-JKE240N7" failures="0" tests="1" name="testNGSuite.VehicleInsurance" time="0.002" errors="0" timestamp="2022-11-21T14:58:12 IST" skipped="0">
  <testcase classname="testNGSuite.VehicleInsurance" name="car" time="0.002"/>
  <system-out/>
</testsuite> <!-- testNGSuite.VehicleInsurance -->
