<?xml version="1.0" encoding="UTF-8"?>
<!-- Generated by org.testng.reporters.JUnitReportReporter -->
<testsuite hostname="LAPTOP-JKE240N7" failures="0" tests="1" name="testNGAssert.AssertNull" time="0.010" errors="0" timestamp="2022-11-21T21:32:00 IST" skipped="0">
  <testcase classname="testNGAssert.AssertNull" name="testng" time="0.010"/>
  <system-out/>
</testsuite> <!-- testNGAssert.AssertNull -->
