<?xml version="1.0" encoding="UTF-8"?>
<!-- Generated by org.testng.reporters.JUnitReportReporter -->
<testsuite hostname="LAPTOP-JKE240N7" failures="0" tests="1" name="testNGSuite.upstox" time="4.234" errors="0" timestamp="2022-11-21T16:25:57 IST" skipped="0">
  <testcase classname="testNGSuite.upstox" name="upstox1" time="4.234"/>
  <system-out/>
</testsuite> <!-- testNGSuite.upstox -->
