<?xml version="1.0" encoding="UTF-8"?>
<!-- Generated by org.testng.reporters.JUnitReportReporter -->
<testsuite hostname="LAPTOP-JKE240N7" failures="0" tests="3" name="testNGgrouping.School" time="0.006" errors="0" timestamp="2022-11-21T17:11:20 IST" skipped="0">
  <testcase classname="testNGgrouping.School" name="class9" time="0.001"/>
  <system-out/>
  <testcase classname="testNGgrouping.School" name="class12" time="0.002"/>
  <system-out/>
  <testcase classname="testNGgrouping.School" name="class11" time="0.003"/>
  <system-out/>
</testsuite> <!-- testNGgrouping.School -->
