<?xml version="1.0" encoding="UTF-8"?>
<!-- Generated by org.testng.reporters.JUnitReportReporter -->
<testsuite hostname="LAPTOP-JKE240N7" failures="0" tests="1" name="testNGgrouping.PhD" time="0.004" errors="0" timestamp="2022-11-21T17:11:20 IST" skipped="0">
  <testcase classname="testNGgrouping.PhD" name="Phd1styear" time="0.004"/>
  <system-out/>
</testsuite> <!-- testNGgrouping.PhD -->
