<?xml version="1.0" encoding="UTF-8"?>
<!-- Generated by org.testng.reporters.JUnitReportReporter -->
<testsuite hostname="LAPTOP-JKE240N7" failures="0" tests="4" name="testNGXml.Testing1" time="0.014" errors="0" timestamp="2022-11-21T14:11:50 IST" skipped="0">
  <testcase classname="testNGXml.Testing1" name="C" time="0.001"/>
  <system-out>
    <![CDATA[C is running]]>
  </system-out>
  <testcase classname="testNGXml.Testing1" name="B" time="0.001"/>
  <system-out>
    <![CDATA[B is running]]>
  </system-out>
  <testcase classname="testNGXml.Testing1" name="D" time="0.001"/>
  <system-out>
    <![CDATA[D is running]]>
  </system-out>
  <testcase classname="testNGXml.Testing1" name="A" time="0.011"/>
  <system-out>
    <![CDATA[A is Running]]>
  </system-out>
</testsuite> <!-- testNGXml.Testing1 -->
