<?xml version="1.0" encoding="UTF-8"?>
<!-- Generated by org.testng.reporters.JUnitReportReporter -->
<testsuite hostname="LAPTOP-JKE240N7" failures="0" tests="4" name="testNGgrouping.Education" time="0.011" errors="0" timestamp="2022-11-21T17:04:48 IST" skipped="0">
  <testcase classname="testNGgrouping.Education" name="class10" time="0.008"/>
  <system-out/>
  <testcase classname="testNGgrouping.Education" name="class9" time="0.001"/>
  <system-out/>
  <testcase classname="testNGgrouping.Education" name="class11" time="0.001"/>
  <system-out/>
  <testcase classname="testNGgrouping.Education" name="class12" time="0.001"/>
  <system-out/>
</testsuite> <!-- testNGgrouping.Education -->
