<?xml version="1.0" encoding="UTF-8"?>
<!-- Generated by org.testng.reporters.JUnitReportReporter -->
<testsuite hostname="LAPTOP-JKE240N7" failures="0" tests="1" name="neoStoxPOMUtility.ValidateUser" time="7.394" errors="0" timestamp="2022-12-01T14:54:59 IST" skipped="0">
  <testcase classname="neoStoxPOMUtility.ValidateUser" name="Validation" time="7.394"/>
  <system-out>
    <![CDATA[Getting Actual username
Wait for500ms
Taking Screenshot
Getting Actual username
readingusernamefrom Properties file
Getting Actual userBalance
Wait for500ms
Taking Screenshot
Getting Actual userBalance
readingacbalancefrom Properties file]]>
  </system-out>
</testsuite> <!-- neoStoxPOMUtility.ValidateUser -->
