<?xml version="1.0" encoding="UTF-8"?>
<!-- Generated by org.testng.reporters.JUnitReportReporter -->
<testsuite hostname="LAPTOP-JKE240N7" failures="0" tests="3" name="crossBrowserTesting.CrossBrowser" time="28.895" errors="0" timestamp="2022-11-22T20:53:43 IST" skipped="0">
  <testcase classname="crossBrowserTesting.CrossBrowser" name="browserTest" time="8.502"/>
  <system-out/>
  <testcase classname="crossBrowserTesting.CrossBrowser" name="browserTest" time="9.364"/>
  <system-out/>
  <testcase classname="crossBrowserTesting.CrossBrowser" name="browserTest" time="11.029"/>
  <system-out/>
</testsuite> <!-- crossBrowserTesting.CrossBrowser -->
