<?xml version="1.0" encoding="UTF-8"?>
<!-- Generated by org.testng.reporters.JUnitReportReporter -->
<testsuite hostname="LAPTOP-JKE240N7" failures="0" tests="1" name="testNGAssert.VerifyCheckBox" time="10.434" errors="0" timestamp="2022-11-21T21:21:50 IST" skipped="0">
  <testcase classname="testNGAssert.VerifyCheckBox" name="testng" time="10.434"/>
  <system-out/>
</testsuite> <!-- testNGAssert.VerifyCheckBox -->
