<?xml version="1.0" encoding="UTF-8"?>
<!-- Generated by org.testng.reporters.JUnitReportReporter -->
<testsuite hostname="LAPTOP-JKE240N7" failures="0" tests="1" name="testNGgrouping.PG" time="0.000" errors="0" timestamp="2022-11-21T17:11:20 IST" skipped="0">
  <testcase classname="testNGgrouping.PG" name="Pg1styear" time="0.000"/>
  <system-out/>
</testsuite> <!-- testNGgrouping.PG -->
