<?xml version="1.0" encoding="UTF-8"?>
<!-- Generated by org.testng.reporters.JUnitReportReporter -->
<testsuite hostname="LAPTOP-JKE240N7" failures="0" tests="1" name="testNGSuite.HealthInsurance" time="0.013" errors="0" timestamp="2022-11-21T14:58:12 IST" skipped="0">
  <testcase classname="testNGSuite.HealthInsurance" name="Life" time="0.013"/>
  <system-out/>
</testsuite> <!-- testNGSuite.HealthInsurance -->
