<?xml version="1.0" encoding="UTF-8"?>
<!-- Generated by org.testng.reporters.JUnitReportReporter -->
<testsuite hostname="LAPTOP-JKE240N7" failures="0" tests="2" name="testNGgrouping.UG" time="0.009" errors="0" timestamp="2022-11-21T17:11:20 IST" skipped="0">
  <testcase classname="testNGgrouping.UG" name="Ug1styear" time="0.008"/>
  <system-out/>
  <testcase classname="testNGgrouping.UG" name="Ug3rdyear" time="0.001"/>
  <system-out/>
</testsuite> <!-- testNGgrouping.UG -->
