<?xml version="1.0" encoding="UTF-8"?>
<!-- Generated by org.testng.reporters.JUnitReportReporter -->
<testsuite hostname="LAPTOP-JKE240N7" failures="0" tests="1" name="nopPOM.NOPTestClass" time="12.201" errors="0" timestamp="2022-12-07T12:13:32 IST" skipped="0">
  <testcase classname="nopPOM.NOPTestClass" name="orders" time="12.201"/>
  <system-out>
    <![CDATA[Getting Totalamount
Wait for 1000ms
Wait for 500ms
Taking Screenshot]]>
  </system-out>
</testsuite> <!-- nopPOM.NOPTestClass -->
